Metrics snapshot: Sat Feb 21 20:34:01 UTC 2026
Metrics snapshot: Sun Feb 22 03:16:35 UTC 2026
Metrics snapshot: Sun Feb 22 13:13:04 UTC 2026
Metrics snapshot: Mon Feb 23 03:19:36 UTC 2026
Metrics snapshot: Mon Feb 23 13:41:47 UTC 2026
Metrics snapshot: Tue Feb 24 03:14:55 UTC 2026
Metrics snapshot: Tue Feb 24 13:44:14 UTC 2026
Metrics snapshot: Wed Feb 25 03:15:46 UTC 2026
Metrics snapshot: Wed Feb 25 13:43:48 UTC 2026
Metrics snapshot: Thu Feb 26 03:11:20 UTC 2026
Metrics snapshot: Thu Feb 26 13:43:51 UTC 2026
Metrics snapshot: Fri Feb 27 03:08:54 UTC 2026
Metrics snapshot: Fri Feb 27 13:32:33 UTC 2026
Metrics snapshot: Sat Feb 28 02:39:45 UTC 2026
Metrics snapshot: Sat Feb 28 13:06:38 UTC 2026
Metrics snapshot: Sun Mar  1 03:23:41 UTC 2026
Metrics snapshot: Sun Mar  1 13:10:06 UTC 2026
Metrics snapshot: Mon Mar  2 03:11:18 UTC 2026
Metrics snapshot: Mon Mar  2 13:35:13 UTC 2026
Metrics snapshot: Tue Mar  3 03:14:11 UTC 2026
Metrics snapshot: Tue Mar  3 13:33:07 UTC 2026
Metrics snapshot: Wed Mar  4 02:50:07 UTC 2026
Metrics snapshot: Wed Mar  4 13:32:00 UTC 2026
Metrics snapshot: Thu Mar  5 03:09:26 UTC 2026
Metrics snapshot: Thu Mar  5 13:37:02 UTC 2026
Metrics snapshot: Fri Mar  6 03:08:13 UTC 2026
Metrics snapshot: Fri Mar  6 13:20:34 UTC 2026
Metrics snapshot: Sat Mar  7 02:44:16 UTC 2026
Metrics snapshot: Sat Mar  7 13:08:46 UTC 2026
Metrics snapshot: Sun Mar  8 03:12:09 UTC 2026
Metrics snapshot: Sun Mar  8 13:10:37 UTC 2026
Metrics snapshot: Mon Mar  9 03:15:21 UTC 2026
Metrics snapshot: Mon Mar  9 13:40:12 UTC 2026
Metrics snapshot: Tue Mar 10 02:49:42 UTC 2026
Metrics snapshot: Tue Mar 10 13:38:22 UTC 2026
Metrics snapshot: Wed Mar 11 02:49:22 UTC 2026
Metrics snapshot: Wed Mar 11 13:38:36 UTC 2026
Metrics snapshot: Thu Mar 12 03:11:58 UTC 2026
Metrics snapshot: Thu Mar 12 13:36:40 UTC 2026
Metrics snapshot: Fri Mar 13 03:08:44 UTC 2026
Metrics snapshot: Fri Mar 13 13:34:11 UTC 2026
Metrics snapshot: Sat Mar 14 03:06:28 UTC 2026
Metrics snapshot: Sat Mar 14 13:14:42 UTC 2026
Metrics snapshot: Sun Mar 15 03:30:56 UTC 2026
Metrics snapshot: Sun Mar 15 13:16:29 UTC 2026
Metrics snapshot: Mon Mar 16 03:34:24 UTC 2026
Metrics snapshot: Mon Mar 16 13:55:24 UTC 2026
Metrics snapshot: Tue Mar 17 03:12:54 UTC 2026
Metrics snapshot: Tue Mar 17 13:52:20 UTC 2026
Metrics snapshot: Wed Mar 18 03:20:43 UTC 2026
Metrics snapshot: Wed Mar 18 13:54:36 UTC 2026
Metrics snapshot: Thu Mar 19 03:21:10 UTC 2026
Metrics snapshot: Thu Mar 19 13:42:51 UTC 2026
Metrics snapshot: Fri Mar 20 03:10:41 UTC 2026
Metrics snapshot: Fri Mar 20 13:34:35 UTC 2026
Metrics snapshot: Sat Mar 21 02:47:28 UTC 2026
Metrics snapshot: Sat Mar 21 13:12:04 UTC 2026
Metrics snapshot: Sun Mar 22 03:21:28 UTC 2026
Metrics snapshot: Sun Mar 22 13:14:16 UTC 2026
Metrics snapshot: Mon Mar 23 03:24:13 UTC 2026
Metrics snapshot: Mon Mar 23 13:49:34 UTC 2026
Metrics snapshot: Tue Mar 24 03:13:37 UTC 2026
Metrics snapshot: Tue Mar 24 13:51:37 UTC 2026
Metrics snapshot: Wed Mar 25 03:18:59 UTC 2026
Metrics snapshot: Wed Mar 25 13:50:26 UTC 2026
Metrics snapshot: Thu Mar 26 03:28:00 UTC 2026
Metrics snapshot: Thu Mar 26 13:58:56 UTC 2026
Metrics snapshot: Fri Mar 27 03:29:48 UTC 2026
Metrics snapshot: Fri Mar 27 13:43:56 UTC 2026
Metrics snapshot: Sat Mar 28 03:16:31 UTC 2026
Metrics snapshot: Sat Mar 28 13:19:06 UTC 2026
Metrics snapshot: Sun Mar 29 03:35:18 UTC 2026
Metrics snapshot: Sun Mar 29 13:20:12 UTC 2026
Metrics snapshot: Mon Mar 30 03:42:36 UTC 2026
Metrics snapshot: Mon Mar 30 14:02:45 UTC 2026
Metrics snapshot: Tue Mar 31 03:29:52 UTC 2026
Metrics snapshot: Tue Mar 31 14:02:20 UTC 2026
Metrics snapshot: Wed Apr  1 03:45:36 UTC 2026
Metrics snapshot: Wed Apr  1 14:04:39 UTC 2026
Metrics snapshot: Thu Apr  2 03:26:32 UTC 2026
Metrics snapshot: Thu Apr  2 13:57:18 UTC 2026
Metrics snapshot: Fri Apr  3 03:28:05 UTC 2026
Metrics snapshot: Fri Apr  3 13:38:35 UTC 2026
Metrics snapshot: Sat Apr  4 03:16:01 UTC 2026
Metrics snapshot: Sat Apr  4 13:28:48 UTC 2026
Metrics snapshot: Sun Apr  5 03:38:01 UTC 2026
Metrics snapshot: Sun Apr  5 13:30:27 UTC 2026
Metrics snapshot: Mon Apr  6 03:41:41 UTC 2026
Metrics snapshot: Mon Apr  6 13:46:36 UTC 2026
Metrics snapshot: Tue Apr  7 03:31:00 UTC 2026
Metrics snapshot: Tue Apr  7 14:01:12 UTC 2026
Metrics snapshot: Wed Apr  8 03:32:31 UTC 2026
Metrics snapshot: Wed Apr  8 14:02:29 UTC 2026
Metrics snapshot: Thu Apr  9 03:28:55 UTC 2026
Metrics snapshot: Thu Apr  9 14:14:55 UTC 2026
Metrics snapshot: Fri Apr 10 03:41:49 UTC 2026
Metrics snapshot: Fri Apr 10 13:50:12 UTC 2026
Metrics snapshot: Sat Apr 11 03:19:42 UTC 2026
Metrics snapshot: Sat Apr 11 13:30:45 UTC 2026
Metrics snapshot: Sun Apr 12 03:46:19 UTC 2026
Metrics snapshot: Sun Apr 12 13:35:12 UTC 2026
Metrics snapshot: Mon Apr 13 03:53:03 UTC 2026
Metrics snapshot: Mon Apr 13 14:07:38 UTC 2026
Metrics snapshot: Tue Apr 14 03:42:56 UTC 2026
Metrics snapshot: Tue Apr 14 14:13:21 UTC 2026
Metrics snapshot: Wed Apr 15 03:41:29 UTC 2026
Metrics snapshot: Wed Apr 15 14:05:11 UTC 2026
Metrics snapshot: Thu Apr 16 03:47:11 UTC 2026
Metrics snapshot: Thu Apr 16 14:14:11 UTC 2026
Metrics snapshot: Fri Apr 17 03:45:38 UTC 2026
Metrics snapshot: Fri Apr 17 13:58:28 UTC 2026
Metrics snapshot: Sat Apr 18 03:30:23 UTC 2026
Metrics snapshot: Sat Apr 18 13:36:09 UTC 2026
Metrics snapshot: Sun Apr 19 03:49:58 UTC 2026
Metrics snapshot: Sun Apr 19 13:34:33 UTC 2026
Metrics snapshot: Mon Apr 20 03:52:27 UTC 2026
Metrics snapshot: Mon Apr 20 14:12:55 UTC 2026
Metrics snapshot: Tue Apr 21 03:45:51 UTC 2026
Metrics snapshot: Tue Apr 21 14:08:35 UTC 2026
Metrics snapshot: Wed Apr 22 03:42:22 UTC 2026
Metrics snapshot: Wed Apr 22 14:10:01 UTC 2026
Metrics snapshot: Thu Apr 23 03:47:16 UTC 2026
Metrics snapshot: Thu Apr 23 14:12:12 UTC 2026
Metrics snapshot: Fri Apr 24 03:51:12 UTC 2026
Metrics snapshot: Fri Apr 24 14:07:19 UTC 2026
Metrics snapshot: Sat Apr 25 03:32:21 UTC 2026
Metrics snapshot: Sat Apr 25 13:39:20 UTC 2026
Metrics snapshot: Sun Apr 26 03:55:54 UTC 2026
Metrics snapshot: Sun Apr 26 13:41:26 UTC 2026
Metrics snapshot: Mon Apr 27 04:00:15 UTC 2026
Metrics snapshot: Mon Apr 27 14:26:55 UTC 2026
Metrics snapshot: Tue Apr 28 04:06:31 UTC 2026
Metrics snapshot: Wed Apr 29 04:03:15 UTC 2026
Metrics snapshot: Wed Apr 29 14:30:49 UTC 2026
Metrics snapshot: Thu Apr 30 04:04:40 UTC 2026
Metrics snapshot: Thu Apr 30 14:23:58 UTC 2026
Metrics snapshot: Fri May  1 04:18:06 UTC 2026
Metrics snapshot: Fri May  1 13:54:21 UTC 2026
Metrics snapshot: Sat May  2 03:51:32 UTC 2026
Metrics snapshot: Sat May  2 13:49:13 UTC 2026
Metrics snapshot: Sun May  3 04:11:25 UTC 2026
Metrics snapshot: Sun May  3 13:49:42 UTC 2026
Metrics snapshot: Mon May  4 04:09:28 UTC 2026
Metrics snapshot: Mon May  4 14:31:14 UTC 2026
Metrics snapshot: Tue May  5 03:50:40 UTC 2026
Metrics snapshot: Wed May  6 04:05:35 UTC 2026
Metrics snapshot: Wed May  6 14:46:43 UTC 2026
Metrics snapshot: Thu May  7 04:05:44 UTC 2026
Metrics snapshot: Thu May  7 14:51:14 UTC 2026
Metrics snapshot: Fri May  8 03:53:47 UTC 2026
Metrics snapshot: Fri May  8 14:16:51 UTC 2026
Metrics snapshot: Sat May  9 03:55:58 UTC 2026
Metrics snapshot: Sat May  9 13:52:52 UTC 2026
Metrics snapshot: Sun May 10 04:15:49 UTC 2026
Metrics snapshot: Sun May 10 13:56:06 UTC 2026
Metrics snapshot: Mon May 11 04:36:53 UTC 2026
Metrics snapshot: Mon May 11 15:35:07 UTC 2026
Metrics snapshot: Tue May 12 04:05:52 UTC 2026
Metrics snapshot: Tue May 12 14:50:30 UTC 2026
Metrics snapshot: Wed May 13 04:12:47 UTC 2026
Metrics snapshot: Wed May 13 15:14:06 UTC 2026
Metrics snapshot: Thu May 14 04:12:40 UTC 2026
Metrics snapshot: Thu May 14 14:41:09 UTC 2026
Metrics snapshot: Fri May 15 04:18:07 UTC 2026
Metrics snapshot: Fri May 15 14:35:58 UTC 2026
Metrics snapshot: Sat May 16 04:02:47 UTC 2026
Metrics snapshot: Sat May 16 14:00:07 UTC 2026
Metrics snapshot: Sun May 17 04:32:37 UTC 2026
Metrics snapshot: Sun May 17 13:57:16 UTC 2026
Metrics snapshot: Mon May 18 04:42:04 UTC 2026
Metrics snapshot: Mon May 18 15:56:07 UTC 2026
Metrics snapshot: Tue May 19 04:33:31 UTC 2026
Metrics snapshot: Tue May 19 15:49:54 UTC 2026
Metrics snapshot: Wed May 20 04:36:21 UTC 2026
Metrics snapshot: Wed May 20 15:56:31 UTC 2026
Metrics snapshot: Thu May 21 04:44:39 UTC 2026
Metrics snapshot: Thu May 21 15:51:20 UTC 2026
Metrics snapshot: Fri May 22 04:38:58 UTC 2026
Metrics snapshot: Fri May 22 15:23:31 UTC 2026
Metrics snapshot: Sat May 23 04:07:41 UTC 2026
Metrics snapshot: Sat May 23 14:02:24 UTC 2026
Metrics snapshot: Sun May 24 04:39:07 UTC 2026
Metrics snapshot: Sun May 24 13:59:45 UTC 2026
Metrics snapshot: Mon May 25 04:52:01 UTC 2026
Metrics snapshot: Mon May 25 15:28:31 UTC 2026
Metrics snapshot: Tue May 26 04:34:32 UTC 2026
Metrics snapshot: Tue May 26 16:09:44 UTC 2026
Metrics snapshot: Wed May 27 04:49:01 UTC 2026
Metrics snapshot: Wed May 27 16:12:12 UTC 2026
Metrics snapshot: Thu May 28 04:40:17 UTC 2026
Metrics snapshot: Thu May 28 16:33:58 UTC 2026
Metrics snapshot: Fri May 29 04:43:03 UTC 2026
Metrics snapshot: Fri May 29 16:08:36 UTC 2026
Metrics snapshot: Sat May 30 04:17:22 UTC 2026
Metrics snapshot: Sat May 30 14:04:32 UTC 2026
Metrics snapshot: Sun May 31 04:51:55 UTC 2026
Metrics snapshot: Sun May 31 14:11:45 UTC 2026
Metrics snapshot: Mon Jun  1 05:16:04 UTC 2026
Metrics snapshot: Mon Jun  1 18:16:45 UTC 2026
Metrics snapshot: Tue Jun  2 05:00:18 UTC 2026
Metrics snapshot: Tue Jun  2 16:54:48 UTC 2026
Metrics snapshot: Wed Jun  3 05:16:56 UTC 2026
Metrics snapshot: Wed Jun  3 17:17:48 UTC 2026
Metrics snapshot: Thu Jun  4 05:05:00 UTC 2026
Metrics snapshot: Thu Jun  4 15:44:00 UTC 2026
Metrics snapshot: Fri Jun  5 04:47:17 UTC 2026
Metrics snapshot: Fri Jun  5 15:27:59 UTC 2026
Metrics snapshot: Sat Jun  6 04:19:45 UTC 2026
Metrics snapshot: Sat Jun  6 14:07:38 UTC 2026
Metrics snapshot: Sun Jun  7 04:56:01 UTC 2026
Metrics snapshot: Sun Jun  7 14:20:24 UTC 2026
Metrics snapshot: Mon Jun  8 05:01:40 UTC 2026
Metrics snapshot: Mon Jun  8 16:20:08 UTC 2026
Metrics snapshot: Tue Jun  9 04:35:18 UTC 2026
Metrics snapshot: Tue Jun  9 15:27:21 UTC 2026
Metrics snapshot: Wed Jun 10 04:48:48 UTC 2026
Metrics snapshot: Wed Jun 10 16:08:36 UTC 2026
Metrics snapshot: Thu Jun 11 04:58:49 UTC 2026
Metrics snapshot: Thu Jun 11 16:20:14 UTC 2026
Metrics snapshot: Fri Jun 12 05:03:42 UTC 2026
Metrics snapshot: Fri Jun 12 15:39:24 UTC 2026
Metrics snapshot: Sat Jun 13 04:51:37 UTC 2026
Metrics snapshot: Sat Jun 13 14:26:31 UTC 2026
Metrics snapshot: Sun Jun 14 05:08:05 UTC 2026
Metrics snapshot: Sun Jun 14 14:28:31 UTC 2026
Metrics snapshot: Mon Jun 15 05:27:41 UTC 2026
Metrics snapshot: Mon Jun 15 17:26:36 UTC 2026
Metrics snapshot: Tue Jun 16 05:33:42 UTC 2026
Metrics snapshot: Tue Jun 16 17:20:29 UTC 2026
Metrics snapshot: Wed Jun 17 05:16:24 UTC 2026
Metrics snapshot: Wed Jun 17 16:04:49 UTC 2026
Metrics snapshot: Thu Jun 18 05:02:00 UTC 2026
Metrics snapshot: Thu Jun 18 15:52:29 UTC 2026
Metrics snapshot: Fri Jun 19 05:24:45 UTC 2026
Metrics snapshot: Fri Jun 19 15:42:44 UTC 2026
Metrics snapshot: Sat Jun 20 04:40:35 UTC 2026
Metrics snapshot: Sat Jun 20 14:30:34 UTC 2026
Metrics snapshot: Sun Jun 21 05:18:10 UTC 2026
Metrics snapshot: Sun Jun 21 14:33:04 UTC 2026
Metrics snapshot: Mon Jun 22 05:30:47 UTC 2026
Metrics snapshot: Mon Jun 22 17:13:09 UTC 2026
Metrics snapshot: Tue Jun 23 04:30:13 UTC 2026
Metrics snapshot: Tue Jun 23 15:24:16 UTC 2026
Metrics snapshot: Wed Jun 24 04:35:59 UTC 2026
Metrics snapshot: Wed Jun 24 15:08:19 UTC 2026
Metrics snapshot: Thu Jun 25 04:33:51 UTC 2026
Metrics snapshot: Thu Jun 25 15:13:59 UTC 2026
Metrics snapshot: Fri Jun 26 04:39:58 UTC 2026
Metrics snapshot: Fri Jun 26 14:47:07 UTC 2026
Metrics snapshot: Sat Jun 27 04:16:07 UTC 2026
Metrics snapshot: Sat Jun 27 14:06:09 UTC 2026
Metrics snapshot: Sun Jun 28 04:50:52 UTC 2026
Metrics snapshot: Sun Jun 28 14:16:01 UTC 2026
Metrics snapshot: Mon Jun 29 04:59:34 UTC 2026
Metrics snapshot: Mon Jun 29 16:10:55 UTC 2026
Metrics snapshot: Tue Jun 30 04:34:05 UTC 2026
Metrics snapshot: Tue Jun 30 14:43:05 UTC 2026
Metrics snapshot: Wed Jul  1 04:53:49 UTC 2026
Metrics snapshot: Wed Jul  1 15:11:58 UTC 2026
Metrics snapshot: Thu Jul  2 04:30:46 UTC 2026
Metrics snapshot: Thu Jul  2 14:28:51 UTC 2026
Metrics snapshot: Fri Jul  3 04:08:51 UTC 2026
Metrics snapshot: Fri Jul  3 14:32:02 UTC 2026
Metrics snapshot: Sat Jul  4 04:01:54 UTC 2026
Metrics snapshot: Sat Jul  4 13:58:27 UTC 2026
Metrics snapshot: Sun Jul  5 04:29:26 UTC 2026
Metrics snapshot: Sun Jul  5 14:08:54 UTC 2026
Metrics snapshot: Mon Jul  6 04:38:55 UTC 2026
Metrics snapshot: Mon Jul  6 15:54:20 UTC 2026
Metrics snapshot: Tue Jul  7 04:16:28 UTC 2026
Metrics snapshot: Tue Jul  7 15:14:41 UTC 2026
Metrics snapshot: Wed Jul  8 03:44:12 UTC 2026
Metrics snapshot: Wed Jul  8 14:40:35 UTC 2026
Metrics snapshot: Thu Jul  9 04:18:25 UTC 2026
Metrics snapshot: Thu Jul  9 15:33:06 UTC 2026
Metrics snapshot: Fri Jul 10 04:14:37 UTC 2026
Metrics snapshot: Fri Jul 10 15:00:54 UTC 2026
Metrics snapshot: Sat Jul 11 03:42:39 UTC 2026
Metrics snapshot: Sat Jul 11 13:54:13 UTC 2026
Metrics snapshot: Sun Jul 12 03:57:14 UTC 2026
Metrics snapshot: Sun Jul 12 13:56:11 UTC 2026
